The system is: Linux - 5.15.0-78-generic - x86_64
Compiling the C compiler identification source file "CMakeCCompilerId.c" succeeded.
Compiler: /bin/clang 
Build flags: 
Id flags:  

The output was:
0


Compilation of the C compiler identification source "CMakeCCompilerId.c" produced "a.out"

The C compiler identification is Clang, found in "/home/silahian/projects/book_cpp_high_performance_financial_systems/chapter_3/build/CMakeFiles/3.16.3/CompilerIdC/a.out"

Compiling the CXX compiler identification source file "CMakeCXXCompilerId.cpp" succeeded.
Compiler: /bin/clang++ 
Build flags: 
Id flags:  

The output was:
0


Compilation of the CXX compiler identification source "CMakeCXXCompilerId.cpp" produced "a.out"

The CXX compiler identification is Clang, found in "/home/silahian/projects/book_cpp_high_performance_financial_systems/chapter_3/build/CMakeFiles/3.16.3/CompilerIdCXX/a.out"

Determining if the C compiler works passed with the following output:
Change Dir: /home/silahian/projects/book_cpp_high_performance_financial_systems/chapter_3/build/CMakeFiles/CMakeTmp

Run Build Command(s):/bin/ninja cmTC_63561 && [1/2] Building C object CMakeFiles/cmTC_63561.dir/testCCompiler.c.o
[2/2] Linking C executable cmTC_63561



Detecting C compiler ABI info compiled with the following output:
Change Dir: /home/silahian/projects/book_cpp_high_performance_financial_systems/chapter_3/build/CMakeFiles/CMakeTmp

Run Build Command(s):/bin/ninja cmTC_df825 && [1/2] Building C object CMakeFiles/cmTC_df825.dir/CMakeCCompilerABI.c.o
clang version 10.0.0-4ubuntu1 
Target: x86_64-pc-linux-gnu
Thread model: posix
InstalledDir: /bin
Found candidate GCC installation: /bin/../lib/gcc/x86_64-linux-gnu/9
Found candidate GCC installation: /usr/lib/gcc/x86_64-linux-gnu/9
Selected GCC installation: /bin/../lib/gcc/x86_64-linux-gnu/9
Candidate multilib: .;@m64
Selected multilib: .;@m64
 (in-process)
 "/usr/lib/llvm-10/bin/clang" -cc1 -triple x86_64-pc-linux-gnu -emit-obj -mrelax-all -disable-free -disable-llvm-verifier -discard-value-names -main-file-name CMakeCCompilerABI.c -mrelocation-model static -mthread-model posix -mframe-pointer=all -fmath-errno -fno-rounding-math -masm-verbose -mconstructor-aliases -munwind-tables -target-cpu x86-64 -dwarf-column-info -fno-split-dwarf-inlining -debugger-tuning=gdb -v -resource-dir /usr/lib/llvm-10/lib/clang/10.0.0 -internal-isystem /usr/local/include -internal-isystem /usr/lib/llvm-10/lib/clang/10.0.0/include -internal-externc-isystem /usr/include/x86_64-linux-gnu -internal-externc-isystem /include -internal-externc-isystem /usr/include -fdebug-compilation-dir /home/silahian/projects/book_cpp_high_performance_financial_systems/chapter_3/build/CMakeFiles/CMakeTmp -ferror-limit 19 -fmessage-length 0 -fgnuc-version=4.2.1 -fobjc-runtime=gcc -fdiagnostics-show-option -faddrsig -o CMakeFiles/cmTC_df825.dir/CMakeCCompilerABI.c.o -x c /usr/share/cmake-3.16/Modules/CMakeCCompilerABI.c
clang -cc1 version 10.0.0 based upon LLVM 10.0.0 default target x86_64-pc-linux-gnu
ignoring nonexistent directory "/include"
#include "..." search starts here:
#include <...> search starts here:
 /usr/local/include
 /usr/lib/llvm-10/lib/clang/10.0.0/include
 /usr/include/x86_64-linux-gnu
 /usr/include
End of search list.
[2/2] Linking C executable cmTC_df825
clang version 10.0.0-4ubuntu1 
Target: x86_64-pc-linux-gnu
Thread model: posix
InstalledDir: /bin
Found candidate GCC installation: /bin/../lib/gcc/x86_64-linux-gnu/9
Found candidate GCC installation: /usr/lib/gcc/x86_64-linux-gnu/9
Selected GCC installation: /bin/../lib/gcc/x86_64-linux-gnu/9
Candidate multilib: .;@m64
Selected multilib: .;@m64
 "/bin/ld" -z relro --hash-style=gnu --build-id --eh-frame-hdr -m elf_x86_64 -dynamic-linker /lib64/ld-linux-x86-64.so.2 -o cmTC_df825 /bin/../lib/gcc/x86_64-linux-gnu/9/../../../x86_64-linux-gnu/crt1.o /bin/../lib/gcc/x86_64-linux-gnu/9/../../../x86_64-linux-gnu/crti.o /bin/../lib/gcc/x86_64-linux-gnu/9/crtbegin.o -L/bin/../lib/gcc/x86_64-linux-gnu/9 -L/bin/../lib/gcc/x86_64-linux-gnu/9/../../../x86_64-linux-gnu -L/bin/../lib/gcc/x86_64-linux-gnu/9/../../../../lib64 -L/lib/x86_64-linux-gnu -L/lib/../lib64 -L/usr/lib/x86_64-linux-gnu -L/usr/lib/../lib64 -L/usr/lib/x86_64-linux-gnu/../../lib64 -L/bin/../lib/gcc/x86_64-linux-gnu/9/../../.. -L/usr/lib/llvm-10/bin/../lib -L/lib -L/usr/lib CMakeFiles/cmTC_df825.dir/CMakeCCompilerABI.c.o -lgcc --as-needed -lgcc_s --no-as-needed -lc -lgcc --as-needed -lgcc_s --no-as-needed /bin/../lib/gcc/x86_64-linux-gnu/9/crtend.o /bin/../lib/gcc/x86_64-linux-gnu/9/../../../x86_64-linux-gnu/crtn.o



Parsed C implicit include dir info from above output: rv=done
  found start of include info
  found start of implicit include info
    add: [/usr/local/include]
    add: [/usr/lib/llvm-10/lib/clang/10.0.0/include]
    add: [/usr/include/x86_64-linux-gnu]
    add: [/usr/include]
  end of search list found
  collapse include dir [/usr/local/include] ==> [/usr/local/include]
  collapse include dir [/usr/lib/llvm-10/lib/clang/10.0.0/include] ==> [/usr/lib/llvm-10/lib/clang/10.0.0/include]
  collapse include dir [/usr/include/x86_64-linux-gnu] ==> [/usr/include/x86_64-linux-gnu]
  collapse include dir [/usr/include] ==> [/usr/include]
  implicit include dirs: [/usr/local/include;/usr/lib/llvm-10/lib/clang/10.0.0/include;/usr/include/x86_64-linux-gnu;/usr/include]


Parsed C implicit link information from above output:
  link line regex: [^( *|.*[/\])(ld|CMAKE_LINK_STARTFILE-NOTFOUND|([^/\]+-)?ld|collect2)[^/\]*( |$)]
  ignore line: [Change Dir: /home/silahian/projects/book_cpp_high_performance_financial_systems/chapter_3/build/CMakeFiles/CMakeTmp]
  ignore line: []
  ignore line: [Run Build Command(s):/bin/ninja cmTC_df825 && [1/2] Building C object CMakeFiles/cmTC_df825.dir/CMakeCCompilerABI.c.o]
  ignore line: [clang version 10.0.0-4ubuntu1 ]
  ignore line: [Target: x86_64-pc-linux-gnu]
  ignore line: [Thread model: posix]
  ignore line: [InstalledDir: /bin]
  ignore line: [Found candidate GCC installation: /bin/../lib/gcc/x86_64-linux-gnu/9]
  ignore line: [Found candidate GCC installation: /usr/lib/gcc/x86_64-linux-gnu/9]
  ignore line: [Selected GCC installation: /bin/../lib/gcc/x86_64-linux-gnu/9]
  ignore line: [Candidate multilib: .]
  ignore line: [@m64]
  ignore line: [Selected multilib: .]
  ignore line: [@m64]
  ignore line: [ (in-process)]
  ignore line: [ "/usr/lib/llvm-10/bin/clang" -cc1 -triple x86_64-pc-linux-gnu -emit-obj -mrelax-all -disable-free -disable-llvm-verifier -discard-value-names -main-file-name CMakeCCompilerABI.c -mrelocation-model static -mthread-model posix -mframe-pointer=all -fmath-errno -fno-rounding-math -masm-verbose -mconstructor-aliases -munwind-tables -target-cpu x86-64 -dwarf-column-info -fno-split-dwarf-inlining -debugger-tuning=gdb -v -resource-dir /usr/lib/llvm-10/lib/clang/10.0.0 -internal-isystem /usr/local/include -internal-isystem /usr/lib/llvm-10/lib/clang/10.0.0/include -internal-externc-isystem /usr/include/x86_64-linux-gnu -internal-externc-isystem /include -internal-externc-isystem /usr/include -fdebug-compilation-dir /home/silahian/projects/book_cpp_high_performance_financial_systems/chapter_3/build/CMakeFiles/CMakeTmp -ferror-limit 19 -fmessage-length 0 -fgnuc-version=4.2.1 -fobjc-runtime=gcc -fdiagnostics-show-option -faddrsig -o CMakeFiles/cmTC_df825.dir/CMakeCCompilerABI.c.o -x c /usr/share/cmake-3.16/Modules/CMakeCCompilerABI.c]
  ignore line: [clang -cc1 version 10.0.0 based upon LLVM 10.0.0 default target x86_64-pc-linux-gnu]
  ignore line: [ignoring nonexistent directory "/include"]
  ignore line: [#include "..." search starts here:]
  ignore line: [#include <...> search starts here:]
  ignore line: [ /usr/local/include]
  ignore line: [ /usr/lib/llvm-10/lib/clang/10.0.0/include]
  ignore line: [ /usr/include/x86_64-linux-gnu]
  ignore line: [ /usr/include]
  ignore line: [End of search list.]
  ignore line: [[2/2] Linking C executable cmTC_df825]
  ignore line: [clang version 10.0.0-4ubuntu1 ]
  ignore line: [Target: x86_64-pc-linux-gnu]
  ignore line: [Thread model: posix]
  ignore line: [InstalledDir: /bin]
  ignore line: [Found candidate GCC installation: /bin/../lib/gcc/x86_64-linux-gnu/9]
  ignore line: [Found candidate GCC installation: /usr/lib/gcc/x86_64-linux-gnu/9]
  ignore line: [Selected GCC installation: /bin/../lib/gcc/x86_64-linux-gnu/9]
  ignore line: [Candidate multilib: .]
  ignore line: [@m64]
  ignore line: [Selected multilib: .]
  ignore line: [@m64]
  link line: [ "/bin/ld" -z relro --hash-style=gnu --build-id --eh-frame-hdr -m elf_x86_64 -dynamic-linker /lib64/ld-linux-x86-64.so.2 -o cmTC_df825 /bin/../lib/gcc/x86_64-linux-gnu/9/../../../x86_64-linux-gnu/crt1.o /bin/../lib/gcc/x86_64-linux-gnu/9/../../../x86_64-linux-gnu/crti.o /bin/../lib/gcc/x86_64-linux-gnu/9/crtbegin.o -L/bin/../lib/gcc/x86_64-linux-gnu/9 -L/bin/../lib/gcc/x86_64-linux-gnu/9/../../../x86_64-linux-gnu -L/bin/../lib/gcc/x86_64-linux-gnu/9/../../../../lib64 -L/lib/x86_64-linux-gnu -L/lib/../lib64 -L/usr/lib/x86_64-linux-gnu -L/usr/lib/../lib64 -L/usr/lib/x86_64-linux-gnu/../../lib64 -L/bin/../lib/gcc/x86_64-linux-gnu/9/../../.. -L/usr/lib/llvm-10/bin/../lib -L/lib -L/usr/lib CMakeFiles/cmTC_df825.dir/CMakeCCompilerABI.c.o -lgcc --as-needed -lgcc_s --no-as-needed -lc -lgcc --as-needed -lgcc_s --no-as-needed /bin/../lib/gcc/x86_64-linux-gnu/9/crtend.o /bin/../lib/gcc/x86_64-linux-gnu/9/../../../x86_64-linux-gnu/crtn.o]
    arg [/bin/ld] ==> ignore
    arg [-zrelro] ==> ignore
    arg [--hash-style=gnu] ==> ignore
    arg [--build-id] ==> ignore
    arg [--eh-frame-hdr] ==> ignore
    arg [-m] ==> ignore
    arg [elf_x86_64] ==> ignore
    arg [-dynamic-linker] ==> ignore
    arg [/lib64/ld-linux-x86-64.so.2] ==> ignore
    arg [-o] ==> ignore
    arg [cmTC_df825] ==> ignore
    arg [/bin/../lib/gcc/x86_64-linux-gnu/9/../../../x86_64-linux-gnu/crt1.o] ==> ignore
    arg [/bin/../lib/gcc/x86_64-linux-gnu/9/../../../x86_64-linux-gnu/crti.o] ==> ignore
    arg [/bin/../lib/gcc/x86_64-linux-gnu/9/crtbegin.o] ==> ignore
    arg [-L/bin/../lib/gcc/x86_64-linux-gnu/9] ==> dir [/bin/../lib/gcc/x86_64-linux-gnu/9]
    arg [-L/bin/../lib/gcc/x86_64-linux-gnu/9/../../../x86_64-linux-gnu] ==> dir [/bin/../lib/gcc/x86_64-linux-gnu/9/../../../x86_64-linux-gnu]
    arg [-L/bin/../lib/gcc/x86_64-linux-gnu/9/../../../../lib64] ==> dir [/bin/../lib/gcc/x86_64-linux-gnu/9/../../../../lib64]
    arg [-L/lib/x86_64-linux-gnu] ==> dir [/lib/x86_64-linux-gnu]
    arg [-L/lib/../lib64] ==> dir [/lib/../lib64]
    arg [-L/usr/lib/x86_64-linux-gnu] ==> dir [/usr/lib/x86_64-linux-gnu]
    arg [-L/usr/lib/../lib64] ==> dir [/usr/lib/../lib64]
    arg [-L/usr/lib/x86_64-linux-gnu/../../lib64] ==> dir [/usr/lib/x86_64-linux-gnu/../../lib64]
    arg [-L/bin/../lib/gcc/x86_64-linux-gnu/9/../../..] ==> dir [/bin/../lib/gcc/x86_64-linux-gnu/9/../../..]
    arg [-L/usr/lib/llvm-10/bin/../lib] ==> dir [/usr/lib/llvm-10/bin/../lib]
    arg [-L/lib] ==> dir [/lib]
    arg [-L/usr/lib] ==> dir [/usr/lib]
    arg [CMakeFiles/cmTC_df825.dir/CMakeCCompilerABI.c.o] ==> ignore
    arg [-lgcc] ==> lib [gcc]
    arg [--as-needed] ==> ignore
    arg [-lgcc_s] ==> lib [gcc_s]
    arg [--no-as-needed] ==> ignore
    arg [-lc] ==> lib [c]
    arg [-lgcc] ==> lib [gcc]
    arg [--as-needed] ==> ignore
    arg [-lgcc_s] ==> lib [gcc_s]
    arg [--no-as-needed] ==> ignore
    arg [/bin/../lib/gcc/x86_64-linux-gnu/9/crtend.o] ==> ignore
    arg [/bin/../lib/gcc/x86_64-linux-gnu/9/../../../x86_64-linux-gnu/crtn.o] ==> ignore
  collapse library dir [/bin/../lib/gcc/x86_64-linux-gnu/9] ==> [/lib/gcc/x86_64-linux-gnu/9]
  collapse library dir [/bin/../lib/gcc/x86_64-linux-gnu/9/../../../x86_64-linux-gnu] ==> [/lib/x86_64-linux-gnu]
  collapse library dir [/bin/../lib/gcc/x86_64-linux-gnu/9/../../../../lib64] ==> [/lib64]
  collapse library dir [/lib/x86_64-linux-gnu] ==> [/lib/x86_64-linux-gnu]
  collapse library dir [/lib/../lib64] ==> [/lib64]
  collapse library dir [/usr/lib/x86_64-linux-gnu] ==> [/usr/lib/x86_64-linux-gnu]
  collapse library dir [/usr/lib/../lib64] ==> [/usr/lib64]
  collapse library dir [/usr/lib/x86_64-linux-gnu/../../lib64] ==> [/usr/lib64]
  collapse library dir [/bin/../lib/gcc/x86_64-linux-gnu/9/../../..] ==> [/lib]
  collapse library dir [/usr/lib/llvm-10/bin/../lib] ==> [/usr/lib/llvm-10/lib]
  collapse library dir [/lib] ==> [/lib]
  collapse library dir [/usr/lib] ==> [/usr/lib]
  implicit libs: [gcc;gcc_s;c;gcc;gcc_s]
  implicit dirs: [/lib/gcc/x86_64-linux-gnu/9;/lib/x86_64-linux-gnu;/lib64;/usr/lib/x86_64-linux-gnu;/usr/lib64;/lib;/usr/lib/llvm-10/lib;/usr/lib]
  implicit fwks: []


Determining if the CXX compiler works passed with the following output:
Change Dir: /home/silahian/projects/book_cpp_high_performance_financial_systems/chapter_3/build/CMakeFiles/CMakeTmp

Run Build Command(s):/bin/ninja cmTC_845a7 && [1/2] Building CXX object CMakeFiles/cmTC_845a7.dir/testCXXCompiler.cxx.o
[2/2] Linking CXX executable cmTC_845a7



Detecting CXX compiler ABI info compiled with the following output:
Change Dir: /home/silahian/projects/book_cpp_high_performance_financial_systems/chapter_3/build/CMakeFiles/CMakeTmp

Run Build Command(s):/bin/ninja cmTC_8248b && [1/2] Building CXX object CMakeFiles/cmTC_8248b.dir/CMakeCXXCompilerABI.cpp.o
clang version 10.0.0-4ubuntu1 
Target: x86_64-pc-linux-gnu
Thread model: posix
InstalledDir: /bin
Found candidate GCC installation: /bin/../lib/gcc/x86_64-linux-gnu/9
Found candidate GCC installation: /usr/lib/gcc/x86_64-linux-gnu/9
Selected GCC installation: /bin/../lib/gcc/x86_64-linux-gnu/9
Candidate multilib: .;@m64
Selected multilib: .;@m64
 (in-process)
 "/usr/lib/llvm-10/bin/clang" -cc1 -triple x86_64-pc-linux-gnu -emit-obj -mrelax-all -disable-free -disable-llvm-verifier -discard-value-names -main-file-name CMakeCXXCompilerABI.cpp -mrelocation-model static -mthread-model posix -mframe-pointer=all -fmath-errno -fno-rounding-math -masm-verbose -mconstructor-aliases -munwind-tables -target-cpu x86-64 -dwarf-column-info -fno-split-dwarf-inlining -debugger-tuning=gdb -v -resource-dir /usr/lib/llvm-10/lib/clang/10.0.0 -internal-isystem /bin/../lib/gcc/x86_64-linux-gnu/9/../../../../include/c++/9 -internal-isystem /bin/../lib/gcc/x86_64-linux-gnu/9/../../../../include/x86_64-linux-gnu/c++/9 -internal-isystem /bin/../lib/gcc/x86_64-linux-gnu/9/../../../../include/x86_64-linux-gnu/c++/9 -internal-isystem /bin/../lib/gcc/x86_64-linux-gnu/9/../../../../include/c++/9/backward -internal-isystem /usr/local/include -internal-isystem /usr/lib/llvm-10/lib/clang/10.0.0/include -internal-externc-isystem /usr/include/x86_64-linux-gnu -internal-externc-isystem /include -internal-externc-isystem /usr/include -fdeprecated-macro -fdebug-compilation-dir /home/silahian/projects/book_cpp_high_performance_financial_systems/chapter_3/build/CMakeFiles/CMakeTmp -ferror-limit 19 -fmessage-length 0 -fgnuc-version=4.2.1 -fobjc-runtime=gcc -fcxx-exceptions -fexceptions -fdiagnostics-show-option -faddrsig -o CMakeFiles/cmTC_8248b.dir/CMakeCXXCompilerABI.cpp.o -x c++ /usr/share/cmake-3.16/Modules/CMakeCXXCompilerABI.cpp
clang -cc1 version 10.0.0 based upon LLVM 10.0.0 default target x86_64-pc-linux-gnu
ignoring nonexistent directory "/include"
ignoring duplicate directory "/bin/../lib/gcc/x86_64-linux-gnu/9/../../../../include/x86_64-linux-gnu/c++/9"
#include "..." search starts here:
#include <...> search starts here:
 /bin/../lib/gcc/x86_64-linux-gnu/9/../../../../include/c++/9
 /bin/../lib/gcc/x86_64-linux-gnu/9/../../../../include/x86_64-linux-gnu/c++/9
 /bin/../lib/gcc/x86_64-linux-gnu/9/../../../../include/c++/9/backward
 /usr/local/include
 /usr/lib/llvm-10/lib/clang/10.0.0/include
 /usr/include/x86_64-linux-gnu
 /usr/include
End of search list.
[2/2] Linking CXX executable cmTC_8248b
clang version 10.0.0-4ubuntu1 
Target: x86_64-pc-linux-gnu
Thread model: posix
InstalledDir: /bin
Found candidate GCC installation: /bin/../lib/gcc/x86_64-linux-gnu/9
Found candidate GCC installation: /usr/lib/gcc/x86_64-linux-gnu/9
Selected GCC installation: /bin/../lib/gcc/x86_64-linux-gnu/9
Candidate multilib: .;@m64
Selected multilib: .;@m64
 "/bin/ld" -z relro --hash-style=gnu --build-id --eh-frame-hdr -m elf_x86_64 -dynamic-linker /lib64/ld-linux-x86-64.so.2 -o cmTC_8248b /bin/../lib/gcc/x86_64-linux-gnu/9/../../../x86_64-linux-gnu/crt1.o /bin/../lib/gcc/x86_64-linux-gnu/9/../../../x86_64-linux-gnu/crti.o /bin/../lib/gcc/x86_64-linux-gnu/9/crtbegin.o -L/bin/../lib/gcc/x86_64-linux-gnu/9 -L/bin/../lib/gcc/x86_64-linux-gnu/9/../../../x86_64-linux-gnu -L/bin/../lib/gcc/x86_64-linux-gnu/9/../../../../lib64 -L/lib/x86_64-linux-gnu -L/lib/../lib64 -L/usr/lib/x86_64-linux-gnu -L/usr/lib/../lib64 -L/usr/lib/x86_64-linux-gnu/../../lib64 -L/bin/../lib/gcc/x86_64-linux-gnu/9/../../.. -L/usr/lib/llvm-10/bin/../lib -L/lib -L/usr/lib CMakeFiles/cmTC_8248b.dir/CMakeCXXCompilerABI.cpp.o -lstdc++ -lm -lgcc_s -lgcc -lc -lgcc_s -lgcc /bin/../lib/gcc/x86_64-linux-gnu/9/crtend.o /bin/../lib/gcc/x86_64-linux-gnu/9/../../../x86_64-linux-gnu/crtn.o



Parsed CXX implicit include dir info from above output: rv=done
  found start of include info
  found start of implicit include info
    add: [/bin/../lib/gcc/x86_64-linux-gnu/9/../../../../include/c++/9]
    add: [/bin/../lib/gcc/x86_64-linux-gnu/9/../../../../include/x86_64-linux-gnu/c++/9]
    add: [/bin/../lib/gcc/x86_64-linux-gnu/9/../../../../include/c++/9/backward]
    add: [/usr/local/include]
    add: [/usr/lib/llvm-10/lib/clang/10.0.0/include]
    add: [/usr/include/x86_64-linux-gnu]
    add: [/usr/include]
  end of search list found
  collapse include dir [/bin/../lib/gcc/x86_64-linux-gnu/9/../../../../include/c++/9] ==> [/include/c++/9]
  collapse include dir [/bin/../lib/gcc/x86_64-linux-gnu/9/../../../../include/x86_64-linux-gnu/c++/9] ==> [/include/x86_64-linux-gnu/c++/9]
  collapse include dir [/bin/../lib/gcc/x86_64-linux-gnu/9/../../../../include/c++/9/backward] ==> [/include/c++/9/backward]
  collapse include dir [/usr/local/include] ==> [/usr/local/include]
  collapse include dir [/usr/lib/llvm-10/lib/clang/10.0.0/include] ==> [/usr/lib/llvm-10/lib/clang/10.0.0/include]
  collapse include dir [/usr/include/x86_64-linux-gnu] ==> [/usr/include/x86_64-linux-gnu]
  collapse include dir [/usr/include] ==> [/usr/include]
  implicit include dirs: [/include/c++/9;/include/x86_64-linux-gnu/c++/9;/include/c++/9/backward;/usr/local/include;/usr/lib/llvm-10/lib/clang/10.0.0/include;/usr/include/x86_64-linux-gnu;/usr/include]


Parsed CXX implicit link information from above output:
  link line regex: [^( *|.*[/\])(ld|CMAKE_LINK_STARTFILE-NOTFOUND|([^/\]+-)?ld|collect2)[^/\]*( |$)]
  ignore line: [Change Dir: /home/silahian/projects/book_cpp_high_performance_financial_systems/chapter_3/build/CMakeFiles/CMakeTmp]
  ignore line: []
  ignore line: [Run Build Command(s):/bin/ninja cmTC_8248b && [1/2] Building CXX object CMakeFiles/cmTC_8248b.dir/CMakeCXXCompilerABI.cpp.o]
  ignore line: [clang version 10.0.0-4ubuntu1 ]
  ignore line: [Target: x86_64-pc-linux-gnu]
  ignore line: [Thread model: posix]
  ignore line: [InstalledDir: /bin]
  ignore line: [Found candidate GCC installation: /bin/../lib/gcc/x86_64-linux-gnu/9]
  ignore line: [Found candidate GCC installation: /usr/lib/gcc/x86_64-linux-gnu/9]
  ignore line: [Selected GCC installation: /bin/../lib/gcc/x86_64-linux-gnu/9]
  ignore line: [Candidate multilib: .]
  ignore line: [@m64]
  ignore line: [Selected multilib: .]
  ignore line: [@m64]
  ignore line: [ (in-process)]
  ignore line: [ "/usr/lib/llvm-10/bin/clang" -cc1 -triple x86_64-pc-linux-gnu -emit-obj -mrelax-all -disable-free -disable-llvm-verifier -discard-value-names -main-file-name CMakeCXXCompilerABI.cpp -mrelocation-model static -mthread-model posix -mframe-pointer=all -fmath-errno -fno-rounding-math -masm-verbose -mconstructor-aliases -munwind-tables -target-cpu x86-64 -dwarf-column-info -fno-split-dwarf-inlining -debugger-tuning=gdb -v -resource-dir /usr/lib/llvm-10/lib/clang/10.0.0 -internal-isystem /bin/../lib/gcc/x86_64-linux-gnu/9/../../../../include/c++/9 -internal-isystem /bin/../lib/gcc/x86_64-linux-gnu/9/../../../../include/x86_64-linux-gnu/c++/9 -internal-isystem /bin/../lib/gcc/x86_64-linux-gnu/9/../../../../include/x86_64-linux-gnu/c++/9 -internal-isystem /bin/../lib/gcc/x86_64-linux-gnu/9/../../../../include/c++/9/backward -internal-isystem /usr/local/include -internal-isystem /usr/lib/llvm-10/lib/clang/10.0.0/include -internal-externc-isystem /usr/include/x86_64-linux-gnu -internal-externc-isystem /include -internal-externc-isystem /usr/include -fdeprecated-macro -fdebug-compilation-dir /home/silahian/projects/book_cpp_high_performance_financial_systems/chapter_3/build/CMakeFiles/CMakeTmp -ferror-limit 19 -fmessage-length 0 -fgnuc-version=4.2.1 -fobjc-runtime=gcc -fcxx-exceptions -fexceptions -fdiagnostics-show-option -faddrsig -o CMakeFiles/cmTC_8248b.dir/CMakeCXXCompilerABI.cpp.o -x c++ /usr/share/cmake-3.16/Modules/CMakeCXXCompilerABI.cpp]
  ignore line: [clang -cc1 version 10.0.0 based upon LLVM 10.0.0 default target x86_64-pc-linux-gnu]
  ignore line: [ignoring nonexistent directory "/include"]
  ignore line: [ignoring duplicate directory "/bin/../lib/gcc/x86_64-linux-gnu/9/../../../../include/x86_64-linux-gnu/c++/9"]
  ignore line: [#include "..." search starts here:]
  ignore line: [#include <...> search starts here:]
  ignore line: [ /bin/../lib/gcc/x86_64-linux-gnu/9/../../../../include/c++/9]
  ignore line: [ /bin/../lib/gcc/x86_64-linux-gnu/9/../../../../include/x86_64-linux-gnu/c++/9]
  ignore line: [ /bin/../lib/gcc/x86_64-linux-gnu/9/../../../../include/c++/9/backward]
  ignore line: [ /usr/local/include]
  ignore line: [ /usr/lib/llvm-10/lib/clang/10.0.0/include]
  ignore line: [ /usr/include/x86_64-linux-gnu]
  ignore line: [ /usr/include]
  ignore line: [End of search list.]
  ignore line: [[2/2] Linking CXX executable cmTC_8248b]
  ignore line: [clang version 10.0.0-4ubuntu1 ]
  ignore line: [Target: x86_64-pc-linux-gnu]
  ignore line: [Thread model: posix]
  ignore line: [InstalledDir: /bin]
  ignore line: [Found candidate GCC installation: /bin/../lib/gcc/x86_64-linux-gnu/9]
  ignore line: [Found candidate GCC installation: /usr/lib/gcc/x86_64-linux-gnu/9]
  ignore line: [Selected GCC installation: /bin/../lib/gcc/x86_64-linux-gnu/9]
  ignore line: [Candidate multilib: .]
  ignore line: [@m64]
  ignore line: [Selected multilib: .]
  ignore line: [@m64]
  link line: [ "/bin/ld" -z relro --hash-style=gnu --build-id --eh-frame-hdr -m elf_x86_64 -dynamic-linker /lib64/ld-linux-x86-64.so.2 -o cmTC_8248b /bin/../lib/gcc/x86_64-linux-gnu/9/../../../x86_64-linux-gnu/crt1.o /bin/../lib/gcc/x86_64-linux-gnu/9/../../../x86_64-linux-gnu/crti.o /bin/../lib/gcc/x86_64-linux-gnu/9/crtbegin.o -L/bin/../lib/gcc/x86_64-linux-gnu/9 -L/bin/../lib/gcc/x86_64-linux-gnu/9/../../../x86_64-linux-gnu -L/bin/../lib/gcc/x86_64-linux-gnu/9/../../../../lib64 -L/lib/x86_64-linux-gnu -L/lib/../lib64 -L/usr/lib/x86_64-linux-gnu -L/usr/lib/../lib64 -L/usr/lib/x86_64-linux-gnu/../../lib64 -L/bin/../lib/gcc/x86_64-linux-gnu/9/../../.. -L/usr/lib/llvm-10/bin/../lib -L/lib -L/usr/lib CMakeFiles/cmTC_8248b.dir/CMakeCXXCompilerABI.cpp.o -lstdc++ -lm -lgcc_s -lgcc -lc -lgcc_s -lgcc /bin/../lib/gcc/x86_64-linux-gnu/9/crtend.o /bin/../lib/gcc/x86_64-linux-gnu/9/../../../x86_64-linux-gnu/crtn.o]
    arg [/bin/ld] ==> ignore
    arg [-zrelro] ==> ignore
    arg [--hash-style=gnu] ==> ignore
    arg [--build-id] ==> ignore
    arg [--eh-frame-hdr] ==> ignore
    arg [-m] ==> ignore
    arg [elf_x86_64] ==> ignore
    arg [-dynamic-linker] ==> ignore
    arg [/lib64/ld-linux-x86-64.so.2] ==> ignore
    arg [-o] ==> ignore
    arg [cmTC_8248b] ==> ignore
    arg [/bin/../lib/gcc/x86_64-linux-gnu/9/../../../x86_64-linux-gnu/crt1.o] ==> ignore
    arg [/bin/../lib/gcc/x86_64-linux-gnu/9/../../../x86_64-linux-gnu/crti.o] ==> ignore
    arg [/bin/../lib/gcc/x86_64-linux-gnu/9/crtbegin.o] ==> ignore
    arg [-L/bin/../lib/gcc/x86_64-linux-gnu/9] ==> dir [/bin/../lib/gcc/x86_64-linux-gnu/9]
    arg [-L/bin/../lib/gcc/x86_64-linux-gnu/9/../../../x86_64-linux-gnu] ==> dir [/bin/../lib/gcc/x86_64-linux-gnu/9/../../../x86_64-linux-gnu]
    arg [-L/bin/../lib/gcc/x86_64-linux-gnu/9/../../../../lib64] ==> dir [/bin/../lib/gcc/x86_64-linux-gnu/9/../../../../lib64]
    arg [-L/lib/x86_64-linux-gnu] ==> dir [/lib/x86_64-linux-gnu]
    arg [-L/lib/../lib64] ==> dir [/lib/../lib64]
    arg [-L/usr/lib/x86_64-linux-gnu] ==> dir [/usr/lib/x86_64-linux-gnu]
    arg [-L/usr/lib/../lib64] ==> dir [/usr/lib/../lib64]
    arg [-L/usr/lib/x86_64-linux-gnu/../../lib64] ==> dir [/usr/lib/x86_64-linux-gnu/../../lib64]
    arg [-L/bin/../lib/gcc/x86_64-linux-gnu/9/../../..] ==> dir [/bin/../lib/gcc/x86_64-linux-gnu/9/../../..]
    arg [-L/usr/lib/llvm-10/bin/../lib] ==> dir [/usr/lib/llvm-10/bin/../lib]
    arg [-L/lib] ==> dir [/lib]
    arg [-L/usr/lib] ==> dir [/usr/lib]
    arg [CMakeFiles/cmTC_8248b.dir/CMakeCXXCompilerABI.cpp.o] ==> ignore
    arg [-lstdc++] ==> lib [stdc++]
    arg [-lm] ==> lib [m]
    arg [-lgcc_s] ==> lib [gcc_s]
    arg [-lgcc] ==> lib [gcc]
    arg [-lc] ==> lib [c]
    arg [-lgcc_s] ==> lib [gcc_s]
    arg [-lgcc] ==> lib [gcc]
    arg [/bin/../lib/gcc/x86_64-linux-gnu/9/crtend.o] ==> ignore
    arg [/bin/../lib/gcc/x86_64-linux-gnu/9/../../../x86_64-linux-gnu/crtn.o] ==> ignore
  collapse library dir [/bin/../lib/gcc/x86_64-linux-gnu/9] ==> [/lib/gcc/x86_64-linux-gnu/9]
  collapse library dir [/bin/../lib/gcc/x86_64-linux-gnu/9/../../../x86_64-linux-gnu] ==> [/lib/x86_64-linux-gnu]
  collapse library dir [/bin/../lib/gcc/x86_64-linux-gnu/9/../../../../lib64] ==> [/lib64]
  collapse library dir [/lib/x86_64-linux-gnu] ==> [/lib/x86_64-linux-gnu]
  collapse library dir [/lib/../lib64] ==> [/lib64]
  collapse library dir [/usr/lib/x86_64-linux-gnu] ==> [/usr/lib/x86_64-linux-gnu]
  collapse library dir [/usr/lib/../lib64] ==> [/usr/lib64]
  collapse library dir [/usr/lib/x86_64-linux-gnu/../../lib64] ==> [/usr/lib64]
  collapse library dir [/bin/../lib/gcc/x86_64-linux-gnu/9/../../..] ==> [/lib]
  collapse library dir [/usr/lib/llvm-10/bin/../lib] ==> [/usr/lib/llvm-10/lib]
  collapse library dir [/lib] ==> [/lib]
  collapse library dir [/usr/lib] ==> [/usr/lib]
  implicit libs: [stdc++;m;gcc_s;gcc;c;gcc_s;gcc]
  implicit dirs: [/lib/gcc/x86_64-linux-gnu/9;/lib/x86_64-linux-gnu;/lib64;/usr/lib/x86_64-linux-gnu;/usr/lib64;/lib;/usr/lib/llvm-10/lib;/usr/lib]
  implicit fwks: []


